c:\users\рома\desktop\петргу\graphics\projekt\курсовая\ogl_begin\x64\debug\vc142.pdb
c:\users\рома\desktop\петргу\graphics\projekt\курсовая\ogl_begin\x64\debug\vc142.idb
c:\users\рома\desktop\петргу\graphics\projekt\курсовая\ogl_begin\x64\debug\main.obj
c:\users\рома\desktop\петргу\graphics\projekt\курсовая\ogl_begin\x64\debug\camera.obj
c:\users\рома\desktop\петргу\graphics\projekt\курсовая\ogl_begin\x64\debug\main.obj.enc
c:\users\рома\desktop\петргу\graphics\projekt\курсовая\x64\debug\ogl_begin.pdb
c:\users\рома\desktop\петргу\graphics\projekt\курсовая\ogl_begin\x64\debug\ogl_begin.tlog\cl.command.1.tlog
c:\users\рома\desktop\петргу\graphics\projekt\курсовая\ogl_begin\x64\debug\ogl_begin.tlog\cl.read.1.tlog
c:\users\рома\desktop\петргу\graphics\projekt\курсовая\ogl_begin\x64\debug\ogl_begin.tlog\cl.write.1.tlog
c:\users\рома\desktop\петргу\graphics\projekt\курсовая\ogl_begin\x64\debug\ogl_begin.tlog\link-cvtres.read.1.tlog
c:\users\рома\desktop\петргу\graphics\projekt\курсовая\ogl_begin\x64\debug\ogl_begin.tlog\link-cvtres.write.1.tlog
c:\users\рома\desktop\петргу\graphics\projekt\курсовая\ogl_begin\x64\debug\ogl_begin.tlog\link-rc.read.1.tlog
c:\users\рома\desktop\петргу\graphics\projekt\курсовая\ogl_begin\x64\debug\ogl_begin.tlog\link-rc.write.1.tlog
c:\users\рома\desktop\петргу\graphics\projekt\курсовая\ogl_begin\x64\debug\ogl_begin.tlog\link.7572-cvtres.read.1.tlog
c:\users\рома\desktop\петргу\graphics\projekt\курсовая\ogl_begin\x64\debug\ogl_begin.tlog\link.7572-cvtres.write.1.tlog
c:\users\рома\desktop\петргу\graphics\projekt\курсовая\ogl_begin\x64\debug\ogl_begin.tlog\link.7572-rc.read.1.tlog
c:\users\рома\desktop\петргу\graphics\projekt\курсовая\ogl_begin\x64\debug\ogl_begin.tlog\link.7572-rc.write.1.tlog
c:\users\рома\desktop\петргу\graphics\projekt\курсовая\ogl_begin\x64\debug\ogl_begin.tlog\link.7572.read.1.tlog
c:\users\рома\desktop\петргу\graphics\projekt\курсовая\ogl_begin\x64\debug\ogl_begin.tlog\link.7572.write.1.tlog
c:\users\рома\desktop\петргу\graphics\projekt\курсовая\ogl_begin\x64\debug\ogl_begin.tlog\link.command.1.tlog
c:\users\рома\desktop\петргу\graphics\projekt\курсовая\ogl_begin\x64\debug\ogl_begin.tlog\link.read.1.tlog
c:\users\рома\desktop\петргу\graphics\projekt\курсовая\ogl_begin\x64\debug\ogl_begin.tlog\link.write.1.tlog
